This is TeX, Version 3.14159 (Web2C 7.3.1) (format=latex 2001.3.27)  12 MAY 2003 10:18
**ispecdoc
(ispecdoc.tex
LaTeX2e <1999/12/01> patch level 1
Babel <v3.6Z> and hyphenation patterns for american, french, german, ngerman, i
talian, portuges, russian, spanish, nohyphenation, loaded.
(/usr/share/texmf/tex/latex/aastex502/aastex.cls
Document Class: aastex 1999/11/30 5.0b9/CB/AO AAS markup document class
Class aastex Info: Original \LaTeX2.09 style by Chris Biemesderfer (chris@seago
at.com). Adapted to \LaTeXe by A. Ogawa (ogawa@teleport.com) on input line 73.
(/usr/share/texmf/tex/latex/base/article.cls
Document Class: article 1999/09/10 v1.4a Standard LaTeX document class
(/usr/share/texmf/tex/latex/base/size12.clo
File: size12.clo 1999/09/10 v1.4a Standard LaTeX file (size option)
)
\c@part=\count79
\c@section=\count80
\c@subsection=\count81
\c@subsubsection=\count82
\c@paragraph=\count83
\c@subparagraph=\count84
\c@figure=\count85
\c@table=\count86
\abovecaptionskip=\skip41
\belowcaptionskip=\skip42
\bibindent=\dimen102
)
(/usr/share/texmf/tex/latex/base/latexsym.sty
Package: latexsym 1998/08/17 v2.2e Standard LaTeX package (lasy symbols)
\symlasy=\mathgroup4
LaTeX Font Info:    Overwriting symbol font `lasy' in version `bold'
(Font)                  U/lasy/m/n --> U/lasy/b/n on input line 42.
)
(/usr/share/texmf/tex/latex/graphics/graphicx.sty
Package: graphicx 1999/02/16 v1.0f Enhanced LaTeX Graphics (DPC,SPQR)

(/usr/share/texmf/tex/latex/graphics/keyval.sty
Package: keyval 1999/03/16 v1.13 key=value parser (DPC)
\KV@toks@=\toks14
)
(/usr/share/texmf/tex/latex/graphics/graphics.sty
Package: graphics 1999/02/16 v1.0l Standard LaTeX Graphics (DPC,SPQR)

(/usr/share/texmf/tex/latex/graphics/trig.sty
Package: trig 1999/03/16 v1.09 sin cos tan (DPC)
)
(/usr/share/texmf/tex/latex/config/graphics.cfg)
Package graphics Info: Driver file: dvips.def on input line 80.

(/usr/share/texmf/tex/latex/graphics/dvips.def
File: dvips.def 1999/02/16 v3.0i Driver-dependant file (DPC,SPQR)
))
\Gin@req@height=\dimen103
\Gin@req@width=\dimen104
)
(/usr/share/texmf/tex/latex/amsfonts/amssymb.sty
Package: amssymb 1996/11/03 v2.2b

(/usr/share/texmf/tex/latex/amsfonts/amsfonts.sty
Package: amsfonts 1997/09/17 v2.2e
\@emptytoks=\toks15
\symAMSa=\mathgroup5
\symAMSb=\mathgroup6
LaTeX Font Info:    Overwriting math alphabet `\mathfrak' in version `bold'
(Font)                  U/euf/m/n --> U/euf/b/n on input line 133.
))
(/usr/share/texmf/tex/latex/astronat/natbib.sty
Package: natbib 1998/07/14 6.8c (PWD)
\bibhang=\skip43
\bibsep=\skip44
LaTeX Info: Redefining \cite on input line 467.
\c@NAT@ctr=\count87
)
(/usr/share/texmf/tex/latex/tools/verbatim.sty
Package: verbatim 2000/01/07 v1.5m LaTeX2e package for verbatim enhancements
\every@verbatim=\toks16
\verbatim@line=\toks17
\verbatim@in@stream=\read1
)
\@slugcmmntwidth=\dimen105
\abstract@box=\box26
\c@editornote=\count88
\c@cureqno=\count89
\pt@box=\box27
\pt@width=\dimen106
\pt@line=\count90
\pt@column=\count91
\pt@nlines=\count92
\pt@ncol=\count93
\pt@page=\count94
\pt@tmpcapwidth=\dimen107
\c@plate=\count95
) (ispecdoc.aux)
\openout1 = `ispecdoc.aux'.

LaTeX Font Info:    Checking defaults for OML/cmm/m/it on input line 7.
LaTeX Font Info:    ... okay on input line 7.
LaTeX Font Info:    Checking defaults for T1/cmr/m/n on input line 7.
LaTeX Font Info:    ... okay on input line 7.
LaTeX Font Info:    Checking defaults for OT1/cmr/m/n on input line 7.
LaTeX Font Info:    ... okay on input line 7.
LaTeX Font Info:    Checking defaults for OMS/cmsy/m/n on input line 7.
LaTeX Font Info:    ... okay on input line 7.
LaTeX Font Info:    Checking defaults for OMX/cmex/m/n on input line 7.
LaTeX Font Info:    ... okay on input line 7.
LaTeX Font Info:    Checking defaults for U/cmr/m/n on input line 7.
LaTeX Font Info:    ... okay on input line 7.

AAS preprint substyle, v5.0 <25 Sep 98>.
LaTeX Font Info:    Try loading font information for U+lasy on input line 16.
(/usr/share/texmf/tex/latex/base/ulasy.fd
File: ulasy.fd 1998/08/17 v2.2eLaTeX symbol font definitions
)
LaTeX Font Info:    Try loading font information for U+msa on input line 16.

(/usr/share/texmf/tex/latex/amsfonts/umsa.fd
File: umsa.fd 1995/01/05 v2.2e AMS font definitions
)
LaTeX Font Info:    Try loading font information for U+msb on input line 16.

(/usr/share/texmf/tex/latex/amsfonts/umsb.fd
File: umsb.fd 1995/01/05 v2.2e AMS font definitions
) [1

]
LaTeX Font Info:    Try loading font information for OMS+cmr on input line 93.

(/usr/share/texmf/tex/latex/base/omscmr.fd
File: omscmr.fd 1999/05/25 v2.5h Standard LaTeX font definitions
)
LaTeX Font Info:    Font shape `OMS/cmr/m/n' in size <12> not available
(Font)              Font shape `OMS/cmsy/m/n' tried instead on input line 93.
 [2] [3]
Overfull \hbox (3.55725pt too wide) in paragraph at lines 198--201
[]\OT1/cmr/m/it/12 Science re-duc-tions \OT1/cmr/m/n/12 in-clude flux cal-i-bra
-tion and ex-tract-ing sky-subtracted one-dimensional
 []


LaTeX Warning: Command \r invalid in math mode on input line 206.

[4] [5]
Underfull \hbox (badness 10000) in paragraph at lines 330--330

 []


Overfull \hbox (36.13501pt too wide) in paragraph at lines 330--332
 []$ 
 []

[6

] [7] [8] (ispecdoc.aux) ) 
Here is how much of TeX's memory you used:
 1619 strings out of 20863
 17508 string characters out of 196073
 65269 words of memory out of 350001
 4559 multiletter control sequences out of 10000+15000
 13773 words of font info for 57 fonts, out of 400000 for 1000
 26 hyphenation exceptions out of 10000
 32i,8n,26p,207b,228s stack positions out of 3000i,100n,1500p,50000b,4000s

Output written on ispecdoc.dvi (8 pages, 22908 bytes).
